Using pre-set license
Built from '2020.3/release' branch; Version is '2020.3.12f1 (b3b2c6512326) revision 11776710'; Using compiler version '192528614'; Build Type 'Release'
OS: 'Windows 10 Pro; OS build 19043.1151; Version 2009; 64bit' Language: 'en' Physical Memory: 8082 MB
BatchMode: 1, IsHumanControllingUs: 0, StartBugReporterOnCrash: 0, Is64bit: 1, IsPro: 0

 COMMAND LINE ARGUMENTS:
C:\Program Files\Unity\Editor\Unity.exe
-adb2
-batchMode
-noUpm
-name
AssetImportWorker0
-projectPath
D:/Courses/[GigaCourse.com] Udemy - Complete C# Unity Developer 3D Learn to Code Making Games/Work/4_The Project That I liked it a little bit/Test
-logFile
Logs/AssetImportWorker0.log
-srvPort
56539
Successfully changed project path to: D:/Courses/[GigaCourse.com] Udemy - Complete C# Unity Developer 3D Learn to Code Making Games/Work/4_The Project That I liked it a little bit/Test
D:/Courses/[GigaCourse.com] Udemy - Complete C# Unity Developer 3D Learn to Code Making Games/Work/4_The Project That I liked it a little bit/Test
Using Asset Import Pipeline V2.
Refreshing native plugins compatible for Editor in 41.55 ms, found 2 plugins.
Preloading 0 native plugins for Editor in 0.00 ms.
Initialize engine version: 2020.3.12f1 (b3b2c6512326)
[Subsystems] Discovering subsystems at path C:/Program Files/Unity/Editor/Data/Resources/UnitySubsystems
[Subsystems] Discovering subsystems at path D:/Courses/[GigaCourse.com] Udemy - Complete C# Unity Developer 3D Learn to Code Making Games/Work/4_The Project That I liked it a little bit/Test/Assets
GfxDevice: creating device client; threaded=0
Direct3D:
    Version:  Direct3D 11.0 [level 11.1]
    Renderer: NVIDIA GeForce GTX 960 (ID=0x1401)
    Vendor:   
    VRAM:     4053 MB
    Driver:   30.0.14.7111
Initialize mono
Mono path[0] = 'C:/Program Files/Unity/Editor/Data/Managed'
Mono path[1] = 'C:/Program Files/Unity/Editor/Data/MonoBleedingEdge/lib/mono/unityjit'
Mono config path = 'C:/Program Files/Unity/Editor/Data/MonoBleedingEdge/etc'
Using monoOptions --debugger-agent=transport=dt_socket,embedding=1,server=y,suspend=n,address=127.0.0.1:56176
Begin MonoManager ReloadAssembly
Registering precompiled unity dll's ...
Register platform support module: C:/Program Files/Unity/Editor/Data/PlaybackEngines/WindowsStandaloneSupport/UnityEditor.WindowsStandalone.Extensions.dll
Registered in 0.003550 seconds.
Native extension for WindowsStandalone target not found
Refreshing native plugins compatible for Editor in 42.12 ms, found 2 plugins.
Preloading 0 native plugins for Editor in 0.00 ms.
Mono: successfully reloaded assembly
- Completed reload, in  1.965 seconds
Platform modules already initialized, skipping
Registering precompiled user dll's ...
Registered in 0.033896 seconds.
Begin MonoManager ReloadAssembly
Native extension for WindowsStandalone target not found
Refreshing native plugins compatible for Editor in 0.55 ms, found 2 plugins.
Preloading 0 native plugins for Editor in 0.00 ms.
Mono: successfully reloaded assembly
- Completed reload, in  1.863 seconds
Platform modules already initialized, skipping
========================================================================
Worker process is ready to serve import requests
Launched and connected shader compiler UnityShaderCompiler.exe after 0.11 seconds
Refreshing native plugins compatible for Editor in 0.56 ms, found 2 plugins.
Preloading 0 native plugins for Editor in 0.00 ms.
Unloading 1509 Unused Serialized files (Serialized files now loaded: 0)
System memory in use before: 82.0 MB.
System memory in use after: 82.1 MB.

Unloading 22 unused Assets to reduce memory usage. Loaded Objects now: 1964.
Total: 5.597000 ms (FindLiveObjects: 0.304100 ms CreateObjectMapping: 1.280000 ms MarkObjects: 3.864100 ms  DeleteObjects: 0.146700 ms)

AssetImportParameters requested are different than current active one (requested -> active):
  custom:framework-win-MediaFoundation: 216162199b28c13a410421893ffa2e32 -> 
  custom:video-decoder-ogg-theora: a1e56fd34408186e4bbccfd4996cb3dc -> 
  custom:container-muxer-webm: aa71ff27fc2769a1b78a27578f13a17b -> 
  custom:container-demuxer-webm: 4f35f7cbe854078d1ac9338744f61a02 -> 
  custom:container-demuxer-ogg: 62fdf1f143b41e24485cea50d1cbac27 -> 
  custom:video-encoder-webm-vp8: eb34c28f22e8b96e1ab97ce403110664 -> 
  custom:video-decoder-webm-vp8: 9c59270c3fd7afecdb556c50c9e8de78 -> 
  custom:audio-decoder-ogg-vorbis: bf7c407c2cedff20999df2af8eb42d56 -> 
  custom:audio-encoder-webm-vorbis: bf7c407c2cedff20999df2af8eb42d56 -> 
========================================================================
Received Import Request.
  path: Assets/Scripts/SelfDestructor.cs
  artifactKey: Guid(ff86ed52ee8ff4995b2bab8d422500bf) Importer(815301076,1909f56bfc062723c751e8b465ee728b)
Start importing Assets/Scripts/SelfDestructor.cs using Guid(ff86ed52ee8ff4995b2bab8d422500bf) Importer(815301076,1909f56bfc062723c751e8b465ee728b)  -> (artifact id: 'a8293f4bdfc0c9f31d7b79bc7f1ee6c4') in 0.353365 seconds 
  Import took 0.375519 seconds .

========================================================================
Received Import Request.
  Time since last request: 0.000779 seconds.
  path: Assets/Scripts/ScoreBoard.cs
  artifactKey: Guid(8ce071acbcbeb4dd781d6469092e7822) Importer(815301076,1909f56bfc062723c751e8b465ee728b)
Start importing Assets/Scripts/ScoreBoard.cs using Guid(8ce071acbcbeb4dd781d6469092e7822) Importer(815301076,1909f56bfc062723c751e8b465ee728b)  -> (artifact id: '9691e472acbff2d0df396ea24cc72219') in 0.002958 seconds 
  Import took 0.008621 seconds .

========================================================================
Received Import Request.
  Time since last request: 0.000473 seconds.
  path: Assets/Scripts/PlayerController.cs
  artifactKey: Guid(85bf26990354d436fa2cbaa70239cdf7) Importer(815301076,1909f56bfc062723c751e8b465ee728b)
Start importing Assets/Scripts/PlayerController.cs using Guid(85bf26990354d436fa2cbaa70239cdf7) Importer(815301076,1909f56bfc062723c751e8b465ee728b)  -> (artifact id: '32960ced6d7d2fbbbe098b9180d335f1') in 0.005358 seconds 
  Import took 0.009556 seconds .

========================================================================
Received Import Request.
  Time since last request: 11.869750 seconds.
  path: Assets/Scripts/LoadGamePlayTimeLine.cs
  artifactKey: Guid(1f8e9ff6e5dc2284386ac132d6a90f30) Importer(815301076,1909f56bfc062723c751e8b465ee728b)
Start importing Assets/Scripts/LoadGamePlayTimeLine.cs using Guid(1f8e9ff6e5dc2284386ac132d6a90f30) Importer(815301076,1909f56bfc062723c751e8b465ee728b)  -> (artifact id: '795738a2d14490a23fa450ce869106c3') in 0.009097 seconds 
  Import took 0.047510 seconds .

AssetImportWorkerClient::OnTransportError - code=2 error=End of file
